Watching for file changes with StatReloader
[21/Feb/2026 11:52:47] "GET /login/ HTTP/1.1" 200 2569
[21/Feb/2026 11:52:48] "POST /login/ HTTP/1.1" 302 0
[21/Feb/2026 11:52:48] "GET / HTTP/1.1" 302 0
[21/Feb/2026 11:52:48] "GET /dashboard/admin/ HTTP/1.1" 200 9276
[21/Feb/2026 11:52:49] "GET /users/create/?modal=1 HTTP/1.1" 200 5774
/app/timesheet_system/settings.py changed, reloading.
Performing system checks...

System check identified no issues (0 silenced).
February 21, 2026 - 11:52:42
Django version 6.0.2, using settings 'timesheet_system.settings'
Starting development server at http://0.0.0.0:8000/
Quit the server with CONTROL-C.

WARNING: This is a development server. Do not use it in a production setting. Use a production WSGI or ASGI server instead.
For more information on production servers see: https://docs.djangoproject.com/en/6.0/howto/deployment/
Watching for file changes with StatReloader
Exception in thread django-main-thread:
Traceback (most recent call last):
  File "/home/jules/.pyenv/versions/3.12.12/lib/python3.12/threading.py", line 1075, in _bootstrap_inner
    self.run()
  File "/home/jules/.pyenv/versions/3.12.12/lib/python3.12/threading.py", line 1012, in run
    self._target(*self._args, **self._kwargs)
  File "/home/jules/.pyenv/versions/3.12.12/lib/python3.12/site-packages/django/utils/autoreload.py", line 64, in wrapper
    fn(*args, **kwargs)
  File "/home/jules/.pyenv/versions/3.12.12/lib/python3.12/site-packages/django/core/management/commands/runserver.py", line 124, in inner_run
    autoreload.raise_last_exception()
  File "/home/jules/.pyenv/versions/3.12.12/lib/python3.12/site-packages/django/utils/autoreload.py", line 86, in raise_last_exception
    raise _exception[1]
  File "/home/jules/.pyenv/versions/3.12.12/lib/python3.12/site-packages/django/core/management/__init__.py", line 395, in execute
    autoreload.check_errors(django.setup)()
  File "/home/jules/.pyenv/versions/3.12.12/lib/python3.12/site-packages/django/utils/autoreload.py", line 64, in wrapper
    fn(*args, **kwargs)
  File "/home/jules/.pyenv/versions/3.12.12/lib/python3.12/site-packages/django/__init__.py", line 24, in setup
    apps.populate(settings.INSTALLED_APPS)
  File "/home/jules/.pyenv/versions/3.12.12/lib/python3.12/site-packages/django/apps/registry.py", line 91, in populate
    app_config = AppConfig.create(entry)
                 ^^^^^^^^^^^^^^^^^^^^^^^
  File "/home/jules/.pyenv/versions/3.12.12/lib/python3.12/site-packages/django/apps/config.py", line 193, in create
    import_module(entry)
  File "/home/jules/.pyenv/versions/3.12.12/lib/python3.12/importlib/__init__.py", line 90, in import_module
    return _bootstrap._gcd_import(name[level:], package, level)
           ^^^^^^^^^^^^^^^^^^^^^^^^^^^^^^^^^^^^^^^^^^^^^^^^^^^^
  File "<frozen importlib._bootstrap>", line 1387, in _gcd_import
  File "<frozen importlib._bootstrap>", line 1360, in _find_and_load
  File "<frozen importlib._bootstrap>", line 1324, in _find_and_load_unlocked
ModuleNotFoundError: No module named 'crispy_bootstrap5'
/app/timesheet_system/settings.py changed, reloading.
Watching for file changes with StatReloader
Exception in thread django-main-thread:
Traceback (most recent call last):
  File "/home/jules/.pyenv/versions/3.12.12/lib/python3.12/threading.py", line 1075, in _bootstrap_inner
    self.run()
  File "/home/jules/.pyenv/versions/3.12.12/lib/python3.12/threading.py", line 1012, in run
    self._target(*self._args, **self._kwargs)
  File "/home/jules/.pyenv/versions/3.12.12/lib/python3.12/site-packages/django/utils/autoreload.py", line 64, in wrapper
    fn(*args, **kwargs)
  File "/home/jules/.pyenv/versions/3.12.12/lib/python3.12/site-packages/django/core/management/commands/runserver.py", line 124, in inner_run
    autoreload.raise_last_exception()
  File "/home/jules/.pyenv/versions/3.12.12/lib/python3.12/site-packages/django/utils/autoreload.py", line 86, in raise_last_exception
    raise _exception[1]
  File "/home/jules/.pyenv/versions/3.12.12/lib/python3.12/site-packages/django/core/management/__init__.py", line 395, in execute
    autoreload.check_errors(django.setup)()
  File "/home/jules/.pyenv/versions/3.12.12/lib/python3.12/site-packages/django/utils/autoreload.py", line 64, in wrapper
    fn(*args, **kwargs)
  File "/home/jules/.pyenv/versions/3.12.12/lib/python3.12/site-packages/django/__init__.py", line 24, in setup
    apps.populate(settings.INSTALLED_APPS)
  File "/home/jules/.pyenv/versions/3.12.12/lib/python3.12/site-packages/django/apps/registry.py", line 91, in populate
    app_config = AppConfig.create(entry)
                 ^^^^^^^^^^^^^^^^^^^^^^^
  File "/home/jules/.pyenv/versions/3.12.12/lib/python3.12/site-packages/django/apps/config.py", line 193, in create
    import_module(entry)
  File "/home/jules/.pyenv/versions/3.12.12/lib/python3.12/importlib/__init__.py", line 90, in import_module
    return _bootstrap._gcd_import(name[level:], package, level)
           ^^^^^^^^^^^^^^^^^^^^^^^^^^^^^^^^^^^^^^^^^^^^^^^^^^^^
  File "<frozen importlib._bootstrap>", line 1387, in _gcd_import
  File "<frozen importlib._bootstrap>", line 1360, in _find_and_load
  File "<frozen importlib._bootstrap>", line 1324, in _find_and_load_unlocked
ModuleNotFoundError: No module named 'crispy_bootstrap5'
